Arguments: 
  C:\Program Files\nodejs\node.exe C:\Program Files\nodejs\node_modules\yarn\bin\yarn.js add angular-bootstrap-md

PATH: 
  D:\java\jdk1.8.0_74\bin;C:\ProgramData\Oracle\Java\javapath;C:\Program Files (x86)\Lenovo\FusionEngine;C:\Program Files (x86)\Intel\iCLS Client\;C:\Program Files\Intel\iCLS Client\;C:\windows\system32;C:\windows;C:\windows\System32\Wbem;C:\windows\System32\WindowsPowerShell\v1.0\;C:\Program Files (x86)\ATI Technologies\ATI.ACE\Core-Static;C:\Program Files\Intel\Intel(R) Management Engine Components\DAL;C:\Program Files\Intel\Intel(R) Management Engine Components\IPT;C:\Program Files (x86)\Intel\Intel(R) Management Engine Components\DAL;C:\Program Files (x86)\Intel\Intel(R) Management Engine Components\IPT;C:\Program Files\Lenovo\Bluetooth Software\;C:\Program Files\Lenovo\Bluetooth Software\syswow64;C:\Program Files\Microsoft SQL Server\120\DTS\Binn\;C:\Program Files\Microsoft SQL Server\Client SDK\ODBC\110\Tools\Binn\;C:\Program Files (x86)\Microsoft SQL Server\120\Tools\Binn\;C:\Program Files\Microsoft SQL Server\120\Tools\Binn\;C:\Program Files (x86)\Microsoft SQL Server\120\Tools\Binn\ManagementStudio\;C:\Program Files (x86)\Microsoft SQL Server\120\DTS\Binn\;D:\matlab\runtime\win64;D:\matlab\bin;D:\matlab\polyspace\bin;C:\Program Files\Git\cmd;C:\Program Files\MongoDB\Server\3.2\bin;C:\Program Files\nodejs\;C:\Users\chf\Desktop\Tools\WinNT;C:\Users\chf\Desktop\MSDev98\Bin;C:\Users\chf\Desktop\Tools;C:\Program Files\Microsoft Visual Studio\VC98\bin;D:\Microsoft VS Code\bin;C:\Users\chf\AppData\Roaming\npm

Yarn version: 
  1.3.2

Node version: 
  9.3.0

Platform: 
  win32 x64

npm manifest: 
  {
    "name": "toh-v2-frontend",
    "version": "0.0.0",
    "license": "MIT",
    "scripts": {
      "ng": "ng",
      "start": "ng serve",
      "build": "ng build --prod",
      "test": "ng test",
      "lint": "ng lint",
      "e2e": "ng e2e"
    },
    "private": true,
    "dependencies": {
      "@angular/animations": "^5.0.0",
      "@angular/common": "^5.0.0",
      "@angular/compiler": "^5.0.0",
      "@angular/core": "^5.0.0",
      "@angular/forms": "^5.0.0",
      "@angular/http": "^5.0.0",
      "@angular/platform-browser": "^5.0.0",
      "@angular/platform-browser-dynamic": "^5.0.0",
      "@angular/router": "^5.0.0",
      "core-js": "^2.4.1",
      "rxjs": "^5.5.2",
      "zone.js": "^0.8.14"
    },
    "devDependencies": {
      "@angular/cli": "1.6.2",
      "@angular/compiler-cli": "^5.0.0",
      "@angular/language-service": "^5.0.0",
      "@types/jasmine": "~2.5.53",
      "@types/jasminewd2": "~2.0.2",
      "@types/node": "~6.0.60",
      "codelyzer": "^4.0.1",
      "jasmine-core": "~2.6.2",
      "jasmine-spec-reporter": "~4.1.0",
      "karma": "~1.7.0",
      "karma-chrome-launcher": "~2.1.1",
      "karma-cli": "~1.0.1",
      "karma-coverage-istanbul-reporter": "^1.2.1",
      "karma-jasmine": "~1.1.0",
      "karma-jasmine-html-reporter": "^0.2.2",
      "protractor": "~5.1.2",
      "ts-node": "~3.2.0",
      "tslint": "~5.7.0",
      "typescript": "~2.4.2"
    }
  }

yarn manifest: 
  No manifest

Lockfile: 
  No lockfile

Trace: 
  Error: https://registry.npmjs.org/rxjs/-/rxjs-5.5.6.tgz: ESOCKETTIMEDOUT
      at ClientRequest.<anonymous> (C:\Program Files\nodejs\node_modules\yarn\lib\cli.js:123716:19)
      at Object.onceWrapper (events.js:254:19)
      at ClientRequest.emit (events.js:159:13)
      at TLSSocket.emitTimeout (_http_client.js:710:34)
      at Object.onceWrapper (events.js:254:19)
      at TLSSocket.emit (events.js:159:13)
      at TLSSocket.Socket._onTimeout (net.js:421:8)
      at ontimeout (timers.js:466:11)
      at tryOnTimeout (timers.js:304:5)
      at Timer.listOnTimeout (timers.js:264:5)
